10-09 08:38:29 com_github_MitjaNemec_Archive3DModels.action_archive_3d_models 220:Plugin executed on: 'linux'
10-09 08:38:29 com_github_MitjaNemec_Archive3DModels.action_archive_3d_models 221:Plugin executed with python version: '3.12.6 (main, Nov 10 2011, 15:00:00) [GCC 14.2.0]'
10-09 08:38:29 com_github_MitjaNemec_Archive3DModels.action_archive_3d_models 222:KiCad build version: 8.0.5-dirty
10-09 08:38:29 com_github_MitjaNemec_Archive3DModels.action_archive_3d_models 223:Plugin version: 1.0.12

10-09 08:38:29 com_github_MitjaNemec_Archive3DModels.action_archive_3d_models 228:Screen sizes: [wx.Size(1920, 1080)]
10-09 08:38:29 com_github_MitjaNemec_Archive3DModels.action_archive_3d_models 235:Dialog size: wx.Size(213, 81)
10-09 08:38:29 com_github_MitjaNemec_Archive3DModels.action_archive_3d_models 237:Char size: 17
10-09 08:38:30 com_github_MitjaNemec_Archive3DModels.archive_3d_models 26:Starting to archive 3D models
10-09 08:38:30 com_github_MitjaNemec_Archive3DModels.archive_3d_models 47:Getting 3D models for footprint of: H3
10-09 08:38:30 com_github_MitjaNemec_Archive3DModels.archive_3d_models 47:Getting 3D models for footprint of: H4
10-09 08:38:30 com_github_MitjaNemec_Archive3DModels.archive_3d_models 47:Getting 3D models for footprint of: U3
10-09 08:38:30 com_github_MitjaNemec_Archive3DModels.archive_3d_models 59:Trying to copy: /home/guido/Documents/Github/Hardware/kicad_components/3d/MIni - 360.step
10-09 08:38:31 com_github_MitjaNemec_Archive3DModels.archive_3d_models 139:Remapping: /home/guido/Documents/Github/Hardware/kicad_components/3d/MIni - 360.step
10-09 08:38:31 com_github_MitjaNemec_Archive3DModels.archive_3d_models 47:Getting 3D models for footprint of: H3
10-09 08:38:31 com_github_MitjaNemec_Archive3DModels.archive_3d_models 47:Getting 3D models for footprint of: H2
10-09 08:38:31 com_github_MitjaNemec_Archive3DModels.archive_3d_models 47:Getting 3D models for footprint of: U3
10-09 08:38:31 com_github_MitjaNemec_Archive3DModels.archive_3d_models 59:Trying to copy: /home/guido/Documents/Github/Hardware/kicad_components/3d/MIni - 360.step
10-09 08:38:31 com_github_MitjaNemec_Archive3DModels.archive_3d_models 139:Remapping: /home/guido/Documents/Github/Hardware/kicad_components/3d/MIni - 360.step
10-09 08:38:31 com_github_MitjaNemec_Archive3DModels.archive_3d_models 47:Getting 3D models for footprint of: TP1
10-09 08:38:31 com_github_MitjaNemec_Archive3DModels.archive_3d_models 59:Trying to copy: ${KICAD6_3DMODEL_DIR}/Connector_PinHeader_2.54mm.3dshapes/PinHeader_1x01_P2.54mm_Vertical.wrl
10-09 08:38:31 com_github_MitjaNemec_Archive3DModels.archive_3d_models 74:Can not find model defined with enviroment variable:
${KICAD6_3DMODEL_DIR}/Connector_PinHeader_2.54mm.3dshapes/PinHeader_1x01_P2.54mm_Vertical.wrl
10-09 08:38:31 com_github_MitjaNemec_Archive3DModels.archive_3d_models 135:Did not copy: ${KICAD6_3DMODEL_DIR}/Connector_PinHeader_2.54mm.3dshapes/PinHeader_1x01_P2.54mm_Vertical.wrl
10-09 08:38:31 com_github_MitjaNemec_Archive3DModels.archive_3d_models 139:Remapping: ${KICAD6_3DMODEL_DIR}/Connector_PinHeader_2.54mm.3dshapes/PinHeader_1x01_P2.54mm_Vertical.wrl
10-09 08:38:31 com_github_MitjaNemec_Archive3DModels.archive_3d_models 47:Getting 3D models for footprint of: H4
10-09 08:38:31 com_github_MitjaNemec_Archive3DModels.archive_3d_models 47:Getting 3D models for footprint of: J7
10-09 08:38:31 com_github_MitjaNemec_Archive3DModels.archive_3d_models 59:Trying to copy: ${KICAD6_3DMODEL_DIR}/Connector_PinSocket_2.54mm.3dshapes/PinSocket_1x20_P2.54mm_Vertical.wrl
10-09 08:38:31 com_github_MitjaNemec_Archive3DModels.archive_3d_models 74:Can not find model defined with enviroment variable:
${KICAD6_3DMODEL_DIR}/Connector_PinSocket_2.54mm.3dshapes/PinSocket_1x20_P2.54mm_Vertical.wrl
10-09 08:38:31 com_github_MitjaNemec_Archive3DModels.archive_3d_models 135:Did not copy: ${KICAD6_3DMODEL_DIR}/Connector_PinSocket_2.54mm.3dshapes/PinSocket_1x20_P2.54mm_Vertical.wrl
10-09 08:38:31 com_github_MitjaNemec_Archive3DModels.archive_3d_models 139:Remapping: ${KICAD6_3DMODEL_DIR}/Connector_PinSocket_2.54mm.3dshapes/PinSocket_1x20_P2.54mm_Vertical.wrl
10-09 08:38:31 com_github_MitjaNemec_Archive3DModels.archive_3d_models 47:Getting 3D models for footprint of: U1
10-09 08:38:31 com_github_MitjaNemec_Archive3DModels.archive_3d_models 59:Trying to copy: ${KICAD8_3DMODEL_DIR}/Connector_PinSocket_2.54mm.3dshapes/PinSocket_1x07_P2.54mm_Vertical.step
10-09 08:38:31 com_github_MitjaNemec_Archive3DModels.archive_3d_models 139:Remapping: ${KICAD8_3DMODEL_DIR}/Connector_PinSocket_2.54mm.3dshapes/PinSocket_1x07_P2.54mm_Vertical.step
10-09 08:38:31 com_github_MitjaNemec_Archive3DModels.archive_3d_models 59:Trying to copy: /home/guido/Documents/Github/Hardware/kicad_components/3d/MAX30100.stp
10-09 08:38:31 com_github_MitjaNemec_Archive3DModels.archive_3d_models 139:Remapping: /home/guido/Documents/Github/Hardware/kicad_components/3d/MAX30100.stp
10-09 08:38:31 com_github_MitjaNemec_Archive3DModels.archive_3d_models 47:Getting 3D models for footprint of: C3
10-09 08:38:31 com_github_MitjaNemec_Archive3DModels.archive_3d_models 59:Trying to copy: ${KICAD6_3DMODEL_DIR}/Capacitor_THT.3dshapes/C_Radial_D5.0mm_H7.0mm_P2.00mm.wrl
10-09 08:38:31 com_github_MitjaNemec_Archive3DModels.archive_3d_models 74:Can not find model defined with enviroment variable:
${KICAD6_3DMODEL_DIR}/Capacitor_THT.3dshapes/C_Radial_D5.0mm_H7.0mm_P2.00mm.wrl
10-09 08:38:31 com_github_MitjaNemec_Archive3DModels.archive_3d_models 135:Did not copy: ${KICAD6_3DMODEL_DIR}/Capacitor_THT.3dshapes/C_Radial_D5.0mm_H7.0mm_P2.00mm.wrl
10-09 08:38:31 com_github_MitjaNemec_Archive3DModels.archive_3d_models 139:Remapping: ${KICAD6_3DMODEL_DIR}/Capacitor_THT.3dshapes/C_Radial_D5.0mm_H7.0mm_P2.00mm.wrl
10-09 08:38:31 com_github_MitjaNemec_Archive3DModels.archive_3d_models 47:Getting 3D models for footprint of: MD1
10-09 08:38:31 com_github_MitjaNemec_Archive3DModels.archive_3d_models 59:Trying to copy: ${KICAD8_3DMODEL_DIR}/Connector_PinSocket_2.54mm.3dshapes/PinSocket_1x20_P2.54mm_Vertical.step
10-09 08:38:31 com_github_MitjaNemec_Archive3DModels.archive_3d_models 139:Remapping: ${KICAD8_3DMODEL_DIR}/Connector_PinSocket_2.54mm.3dshapes/PinSocket_1x20_P2.54mm_Vertical.step
10-09 08:38:31 com_github_MitjaNemec_Archive3DModels.archive_3d_models 59:Trying to copy: ${KICAD8_3DMODEL_DIR}/Connector_PinSocket_2.54mm.3dshapes/PinSocket_1x20_P2.54mm_Vertical.step
10-09 08:38:31 com_github_MitjaNemec_Archive3DModels.archive_3d_models 139:Remapping: ${KICAD8_3DMODEL_DIR}/Connector_PinSocket_2.54mm.3dshapes/PinSocket_1x20_P2.54mm_Vertical.step
10-09 08:38:31 com_github_MitjaNemec_Archive3DModels.archive_3d_models 59:Trying to copy: ${KIPRJMOD}/Utils/eec.models/NXP_Semiconductors_-_LPC845-BRK.step
10-09 08:38:31 com_github_MitjaNemec_Archive3DModels.archive_3d_models 139:Remapping: ${KIPRJMOD}/Utils/eec.models/NXP_Semiconductors_-_LPC845-BRK.step
10-09 08:38:31 com_github_MitjaNemec_Archive3DModels.archive_3d_models 47:Getting 3D models for footprint of: G***
10-09 08:38:31 com_github_MitjaNemec_Archive3DModels.archive_3d_models 47:Getting 3D models for footprint of: U2
10-09 08:38:31 com_github_MitjaNemec_Archive3DModels.archive_3d_models 59:Trying to copy: ${KICAD8_3DMODEL_DIR}/Connector_PinSocket_2.54mm.3dshapes/PinSocket_2x04_P2.54mm_Vertical.step
10-09 08:38:31 com_github_MitjaNemec_Archive3DModels.archive_3d_models 139:Remapping: ${KICAD8_3DMODEL_DIR}/Connector_PinSocket_2.54mm.3dshapes/PinSocket_2x04_P2.54mm_Vertical.step
10-09 08:38:31 com_github_MitjaNemec_Archive3DModels.archive_3d_models 59:Trying to copy: /home/guido/Documents/Github/Hardware/kicad_components/3d/ESP-01S (ESP8266) Board Module.step
10-09 08:38:31 com_github_MitjaNemec_Archive3DModels.archive_3d_models 139:Remapping: /home/guido/Documents/Github/Hardware/kicad_components/3d/ESP-01S (ESP8266) Board Module.step
10-09 08:38:31 com_github_MitjaNemec_Archive3DModels.archive_3d_models 47:Getting 3D models for footprint of: TP1
10-09 08:38:31 com_github_MitjaNemec_Archive3DModels.archive_3d_models 59:Trying to copy: ${KICAD6_3DMODEL_DIR}/Connector_PinHeader_2.54mm.3dshapes/PinHeader_1x01_P2.54mm_Vertical.wrl
10-09 08:38:31 com_github_MitjaNemec_Archive3DModels.archive_3d_models 74:Can not find model defined with enviroment variable:
${KICAD6_3DMODEL_DIR}/Connector_PinHeader_2.54mm.3dshapes/PinHeader_1x01_P2.54mm_Vertical.wrl
10-09 08:38:31 com_github_MitjaNemec_Archive3DModels.archive_3d_models 135:Did not copy: ${KICAD6_3DMODEL_DIR}/Connector_PinHeader_2.54mm.3dshapes/PinHeader_1x01_P2.54mm_Vertical.wrl
10-09 08:38:31 com_github_MitjaNemec_Archive3DModels.archive_3d_models 139:Remapping: ${KICAD6_3DMODEL_DIR}/Connector_PinHeader_2.54mm.3dshapes/PinHeader_1x01_P2.54mm_Vertical.wrl
10-09 08:38:31 com_github_MitjaNemec_Archive3DModels.archive_3d_models 47:Getting 3D models for footprint of: H2
10-09 08:38:31 com_github_MitjaNemec_Archive3DModels.archive_3d_models 47:Getting 3D models for footprint of: TP2
10-09 08:38:31 com_github_MitjaNemec_Archive3DModels.archive_3d_models 59:Trying to copy: ${KICAD6_3DMODEL_DIR}/Connector_PinHeader_2.54mm.3dshapes/PinHeader_1x01_P2.54mm_Vertical.wrl
10-09 08:38:31 com_github_MitjaNemec_Archive3DModels.archive_3d_models 74:Can not find model defined with enviroment variable:
${KICAD6_3DMODEL_DIR}/Connector_PinHeader_2.54mm.3dshapes/PinHeader_1x01_P2.54mm_Vertical.wrl
10-09 08:38:31 com_github_MitjaNemec_Archive3DModels.archive_3d_models 135:Did not copy: ${KICAD6_3DMODEL_DIR}/Connector_PinHeader_2.54mm.3dshapes/PinHeader_1x01_P2.54mm_Vertical.wrl
10-09 08:38:31 com_github_MitjaNemec_Archive3DModels.archive_3d_models 139:Remapping: ${KICAD6_3DMODEL_DIR}/Connector_PinHeader_2.54mm.3dshapes/PinHeader_1x01_P2.54mm_Vertical.wrl
10-09 08:38:31 com_github_MitjaNemec_Archive3DModels.archive_3d_models 47:Getting 3D models for footprint of: H1
10-09 08:38:31 com_github_MitjaNemec_Archive3DModels.archive_3d_models 47:Getting 3D models for footprint of: U1
10-09 08:38:31 com_github_MitjaNemec_Archive3DModels.archive_3d_models 59:Trying to copy: ${KICAD8_3DMODEL_DIR}/Connector_PinSocket_2.54mm.3dshapes/PinSocket_1x07_P2.54mm_Vertical.step
10-09 08:38:31 com_github_MitjaNemec_Archive3DModels.archive_3d_models 139:Remapping: ${KICAD8_3DMODEL_DIR}/Connector_PinSocket_2.54mm.3dshapes/PinSocket_1x07_P2.54mm_Vertical.step
10-09 08:38:31 com_github_MitjaNemec_Archive3DModels.archive_3d_models 59:Trying to copy: /home/guido/Documents/Github/Hardware/kicad_components/3d/MAX30100.stp
10-09 08:38:31 com_github_MitjaNemec_Archive3DModels.archive_3d_models 139:Remapping: /home/guido/Documents/Github/Hardware/kicad_components/3d/MAX30100.stp
10-09 08:38:31 com_github_MitjaNemec_Archive3DModels.archive_3d_models 47:Getting 3D models for footprint of: J7
10-09 08:38:31 com_github_MitjaNemec_Archive3DModels.archive_3d_models 59:Trying to copy: ${KICAD6_3DMODEL_DIR}/Connector_PinSocket_2.54mm.3dshapes/PinSocket_1x20_P2.54mm_Vertical.wrl
10-09 08:38:31 com_github_MitjaNemec_Archive3DModels.archive_3d_models 74:Can not find model defined with enviroment variable:
${KICAD6_3DMODEL_DIR}/Connector_PinSocket_2.54mm.3dshapes/PinSocket_1x20_P2.54mm_Vertical.wrl
10-09 08:38:31 com_github_MitjaNemec_Archive3DModels.archive_3d_models 135:Did not copy: ${KICAD6_3DMODEL_DIR}/Connector_PinSocket_2.54mm.3dshapes/PinSocket_1x20_P2.54mm_Vertical.wrl
10-09 08:38:31 com_github_MitjaNemec_Archive3DModels.archive_3d_models 139:Remapping: ${KICAD6_3DMODEL_DIR}/Connector_PinSocket_2.54mm.3dshapes/PinSocket_1x20_P2.54mm_Vertical.wrl
10-09 08:38:31 com_github_MitjaNemec_Archive3DModels.archive_3d_models 47:Getting 3D models for footprint of: C3
10-09 08:38:31 com_github_MitjaNemec_Archive3DModels.archive_3d_models 59:Trying to copy: ${KICAD6_3DMODEL_DIR}/Capacitor_THT.3dshapes/C_Radial_D5.0mm_H7.0mm_P2.00mm.wrl
10-09 08:38:31 com_github_MitjaNemec_Archive3DModels.archive_3d_models 74:Can not find model defined with enviroment variable:
${KICAD6_3DMODEL_DIR}/Capacitor_THT.3dshapes/C_Radial_D5.0mm_H7.0mm_P2.00mm.wrl
10-09 08:38:31 com_github_MitjaNemec_Archive3DModels.archive_3d_models 135:Did not copy: ${KICAD6_3DMODEL_DIR}/Capacitor_THT.3dshapes/C_Radial_D5.0mm_H7.0mm_P2.00mm.wrl
10-09 08:38:31 com_github_MitjaNemec_Archive3DModels.archive_3d_models 139:Remapping: ${KICAD6_3DMODEL_DIR}/Capacitor_THT.3dshapes/C_Radial_D5.0mm_H7.0mm_P2.00mm.wrl
10-09 08:38:31 com_github_MitjaNemec_Archive3DModels.archive_3d_models 47:Getting 3D models for footprint of: TP2
10-09 08:38:31 com_github_MitjaNemec_Archive3DModels.archive_3d_models 59:Trying to copy: ${KICAD6_3DMODEL_DIR}/Connector_PinHeader_2.54mm.3dshapes/PinHeader_1x01_P2.54mm_Vertical.wrl
10-09 08:38:31 com_github_MitjaNemec_Archive3DModels.archive_3d_models 74:Can not find model defined with enviroment variable:
${KICAD6_3DMODEL_DIR}/Connector_PinHeader_2.54mm.3dshapes/PinHeader_1x01_P2.54mm_Vertical.wrl
10-09 08:38:31 com_github_MitjaNemec_Archive3DModels.archive_3d_models 135:Did not copy: ${KICAD6_3DMODEL_DIR}/Connector_PinHeader_2.54mm.3dshapes/PinHeader_1x01_P2.54mm_Vertical.wrl
10-09 08:38:31 com_github_MitjaNemec_Archive3DModels.archive_3d_models 139:Remapping: ${KICAD6_3DMODEL_DIR}/Connector_PinHeader_2.54mm.3dshapes/PinHeader_1x01_P2.54mm_Vertical.wrl
10-09 08:38:31 com_github_MitjaNemec_Archive3DModels.archive_3d_models 47:Getting 3D models for footprint of: J9
10-09 08:38:31 com_github_MitjaNemec_Archive3DModels.archive_3d_models 59:Trying to copy: ${KICAD6_3DMODEL_DIR}/Connector_PinSocket_2.54mm.3dshapes/PinSocket_1x20_P2.54mm_Vertical.wrl
10-09 08:38:31 com_github_MitjaNemec_Archive3DModels.archive_3d_models 74:Can not find model defined with enviroment variable:
${KICAD6_3DMODEL_DIR}/Connector_PinSocket_2.54mm.3dshapes/PinSocket_1x20_P2.54mm_Vertical.wrl
10-09 08:38:31 com_github_MitjaNemec_Archive3DModels.archive_3d_models 135:Did not copy: ${KICAD6_3DMODEL_DIR}/Connector_PinSocket_2.54mm.3dshapes/PinSocket_1x20_P2.54mm_Vertical.wrl
10-09 08:38:31 com_github_MitjaNemec_Archive3DModels.archive_3d_models 139:Remapping: ${KICAD6_3DMODEL_DIR}/Connector_PinSocket_2.54mm.3dshapes/PinSocket_1x20_P2.54mm_Vertical.wrl
10-09 08:38:31 com_github_MitjaNemec_Archive3DModels.archive_3d_models 47:Getting 3D models for footprint of: J1
10-09 08:38:31 com_github_MitjaNemec_Archive3DModels.archive_3d_models 59:Trying to copy: /home/guido/Documents/Github/Hardware/pseudo_walkie_talkie/3d_models/bornier_2.stp
10-09 08:38:32 com_github_MitjaNemec_Archive3DModels.archive_3d_models 139:Remapping: /home/guido/Documents/Github/Hardware/pseudo_walkie_talkie/3d_models/bornier_2.stp
10-09 08:38:32 com_github_MitjaNemec_Archive3DModels.archive_3d_models 59:Trying to copy: ${KICAD6_3DMODEL_DIR}/TerminalBlock.3dshapes/TerminalBlock_bornier-2_P5.08mm.wrl
10-09 08:38:32 com_github_MitjaNemec_Archive3DModels.archive_3d_models 74:Can not find model defined with enviroment variable:
${KICAD6_3DMODEL_DIR}/TerminalBlock.3dshapes/TerminalBlock_bornier-2_P5.08mm.wrl
10-09 08:38:32 com_github_MitjaNemec_Archive3DModels.archive_3d_models 135:Did not copy: ${KICAD6_3DMODEL_DIR}/TerminalBlock.3dshapes/TerminalBlock_bornier-2_P5.08mm.wrl
10-09 08:38:32 com_github_MitjaNemec_Archive3DModels.archive_3d_models 139:Remapping: ${KICAD6_3DMODEL_DIR}/TerminalBlock.3dshapes/TerminalBlock_bornier-2_P5.08mm.wrl
10-09 08:38:32 com_github_MitjaNemec_Archive3DModels.archive_3d_models 47:Getting 3D models for footprint of: U2
10-09 08:38:32 com_github_MitjaNemec_Archive3DModels.archive_3d_models 59:Trying to copy: ${KICAD8_3DMODEL_DIR}/Connector_PinSocket_2.54mm.3dshapes/PinSocket_2x04_P2.54mm_Vertical.step
10-09 08:38:32 com_github_MitjaNemec_Archive3DModels.archive_3d_models 139:Remapping: ${KICAD8_3DMODEL_DIR}/Connector_PinSocket_2.54mm.3dshapes/PinSocket_2x04_P2.54mm_Vertical.step
10-09 08:38:32 com_github_MitjaNemec_Archive3DModels.archive_3d_models 59:Trying to copy: /home/guido/Documents/Github/Hardware/kicad_components/3d/ESP-01S (ESP8266) Board Module.step
10-09 08:38:32 com_github_MitjaNemec_Archive3DModels.archive_3d_models 139:Remapping: /home/guido/Documents/Github/Hardware/kicad_components/3d/ESP-01S (ESP8266) Board Module.step
10-09 08:38:32 com_github_MitjaNemec_Archive3DModels.archive_3d_models 47:Getting 3D models for footprint of: H1
10-09 08:38:32 com_github_MitjaNemec_Archive3DModels.archive_3d_models 47:Getting 3D models for footprint of: G***
10-09 08:38:32 com_github_MitjaNemec_Archive3DModels.archive_3d_models 47:Getting 3D models for footprint of: D1
10-09 08:38:32 com_github_MitjaNemec_Archive3DModels.archive_3d_models 59:Trying to copy: ${KICAD6_3DMODEL_DIR}/Diode_THT.3dshapes/D_DO-35_SOD27_P2.54mm_Vertical_KathodeUp.wrl
10-09 08:38:32 com_github_MitjaNemec_Archive3DModels.archive_3d_models 74:Can not find model defined with enviroment variable:
${KICAD6_3DMODEL_DIR}/Diode_THT.3dshapes/D_DO-35_SOD27_P2.54mm_Vertical_KathodeUp.wrl
10-09 08:38:32 com_github_MitjaNemec_Archive3DModels.archive_3d_models 135:Did not copy: ${KICAD6_3DMODEL_DIR}/Diode_THT.3dshapes/D_DO-35_SOD27_P2.54mm_Vertical_KathodeUp.wrl
10-09 08:38:32 com_github_MitjaNemec_Archive3DModels.archive_3d_models 139:Remapping: ${KICAD6_3DMODEL_DIR}/Diode_THT.3dshapes/D_DO-35_SOD27_P2.54mm_Vertical_KathodeUp.wrl
10-09 08:38:32 com_github_MitjaNemec_Archive3DModels.archive_3d_models 47:Getting 3D models for footprint of: D1
10-09 08:38:32 com_github_MitjaNemec_Archive3DModels.archive_3d_models 59:Trying to copy: ${KICAD6_3DMODEL_DIR}/Diode_THT.3dshapes/D_DO-35_SOD27_P2.54mm_Vertical_KathodeUp.wrl
10-09 08:38:32 com_github_MitjaNemec_Archive3DModels.archive_3d_models 74:Can not find model defined with enviroment variable:
${KICAD6_3DMODEL_DIR}/Diode_THT.3dshapes/D_DO-35_SOD27_P2.54mm_Vertical_KathodeUp.wrl
10-09 08:38:32 com_github_MitjaNemec_Archive3DModels.archive_3d_models 135:Did not copy: ${KICAD6_3DMODEL_DIR}/Diode_THT.3dshapes/D_DO-35_SOD27_P2.54mm_Vertical_KathodeUp.wrl
10-09 08:38:32 com_github_MitjaNemec_Archive3DModels.archive_3d_models 139:Remapping: ${KICAD6_3DMODEL_DIR}/Diode_THT.3dshapes/D_DO-35_SOD27_P2.54mm_Vertical_KathodeUp.wrl
10-09 08:38:32 com_github_MitjaNemec_Archive3DModels.archive_3d_models 47:Getting 3D models for footprint of: J9
10-09 08:38:32 com_github_MitjaNemec_Archive3DModels.archive_3d_models 59:Trying to copy: ${KICAD6_3DMODEL_DIR}/Connector_PinSocket_2.54mm.3dshapes/PinSocket_1x20_P2.54mm_Vertical.wrl
10-09 08:38:32 com_github_MitjaNemec_Archive3DModels.archive_3d_models 74:Can not find model defined with enviroment variable:
${KICAD6_3DMODEL_DIR}/Connector_PinSocket_2.54mm.3dshapes/PinSocket_1x20_P2.54mm_Vertical.wrl
10-09 08:38:32 com_github_MitjaNemec_Archive3DModels.archive_3d_models 135:Did not copy: ${KICAD6_3DMODEL_DIR}/Connector_PinSocket_2.54mm.3dshapes/PinSocket_1x20_P2.54mm_Vertical.wrl
10-09 08:38:32 com_github_MitjaNemec_Archive3DModels.archive_3d_models 139:Remapping: ${KICAD6_3DMODEL_DIR}/Connector_PinSocket_2.54mm.3dshapes/PinSocket_1x20_P2.54mm_Vertical.wrl
10-09 08:38:32 com_github_MitjaNemec_Archive3DModels.archive_3d_models 47:Getting 3D models for footprint of: J1
10-09 08:38:32 com_github_MitjaNemec_Archive3DModels.archive_3d_models 59:Trying to copy: /home/guido/Documents/Github/Hardware/pseudo_walkie_talkie/3d_models/bornier_2.stp
10-09 08:38:32 com_github_MitjaNemec_Archive3DModels.archive_3d_models 139:Remapping: /home/guido/Documents/Github/Hardware/pseudo_walkie_talkie/3d_models/bornier_2.stp
10-09 08:38:32 com_github_MitjaNemec_Archive3DModels.archive_3d_models 59:Trying to copy: ${KICAD6_3DMODEL_DIR}/TerminalBlock.3dshapes/TerminalBlock_bornier-2_P5.08mm.wrl
10-09 08:38:32 com_github_MitjaNemec_Archive3DModels.archive_3d_models 74:Can not find model defined with enviroment variable:
${KICAD6_3DMODEL_DIR}/TerminalBlock.3dshapes/TerminalBlock_bornier-2_P5.08mm.wrl
10-09 08:38:32 com_github_MitjaNemec_Archive3DModels.archive_3d_models 135:Did not copy: ${KICAD6_3DMODEL_DIR}/TerminalBlock.3dshapes/TerminalBlock_bornier-2_P5.08mm.wrl
10-09 08:38:32 com_github_MitjaNemec_Archive3DModels.archive_3d_models 139:Remapping: ${KICAD6_3DMODEL_DIR}/TerminalBlock.3dshapes/TerminalBlock_bornier-2_P5.08mm.wrl
10-09 08:38:32 com_github_MitjaNemec_Archive3DModels.archive_3d_models 47:Getting 3D models for footprint of: MD1
10-09 08:38:32 com_github_MitjaNemec_Archive3DModels.archive_3d_models 59:Trying to copy: ${KICAD8_3DMODEL_DIR}/Connector_PinSocket_2.54mm.3dshapes/PinSocket_1x20_P2.54mm_Vertical.step
10-09 08:38:32 com_github_MitjaNemec_Archive3DModels.archive_3d_models 139:Remapping: ${KICAD8_3DMODEL_DIR}/Connector_PinSocket_2.54mm.3dshapes/PinSocket_1x20_P2.54mm_Vertical.step
10-09 08:38:32 com_github_MitjaNemec_Archive3DModels.archive_3d_models 59:Trying to copy: ${KICAD8_3DMODEL_DIR}/Connector_PinSocket_2.54mm.3dshapes/PinSocket_1x20_P2.54mm_Vertical.step
10-09 08:38:32 com_github_MitjaNemec_Archive3DModels.archive_3d_models 139:Remapping: ${KICAD8_3DMODEL_DIR}/Connector_PinSocket_2.54mm.3dshapes/PinSocket_1x20_P2.54mm_Vertical.step
10-09 08:38:32 com_github_MitjaNemec_Archive3DModels.archive_3d_models 59:Trying to copy: ${KIPRJMOD}/Utils/eec.models/NXP_Semiconductors_-_LPC845-BRK.step
10-09 08:38:32 com_github_MitjaNemec_Archive3DModels.archive_3d_models 139:Remapping: ${KIPRJMOD}/Utils/eec.models/NXP_Semiconductors_-_LPC845-BRK.step
10-09 08:38:32 com_github_MitjaNemec_Archive3DModels.archive_3d_models 47:Getting 3D models for footprint of: C1
10-09 08:38:32 com_github_MitjaNemec_Archive3DModels.archive_3d_models 59:Trying to copy: ${KICAD6_3DMODEL_DIR}/Capacitor_SMD.3dshapes/C_1206_3216Metric.wrl
10-09 08:38:32 com_github_MitjaNemec_Archive3DModels.archive_3d_models 74:Can not find model defined with enviroment variable:
${KICAD6_3DMODEL_DIR}/Capacitor_SMD.3dshapes/C_1206_3216Metric.wrl
10-09 08:38:32 com_github_MitjaNemec_Archive3DModels.archive_3d_models 135:Did not copy: ${KICAD6_3DMODEL_DIR}/Capacitor_SMD.3dshapes/C_1206_3216Metric.wrl
10-09 08:38:32 com_github_MitjaNemec_Archive3DModels.archive_3d_models 139:Remapping: ${KICAD6_3DMODEL_DIR}/Capacitor_SMD.3dshapes/C_1206_3216Metric.wrl
10-09 08:38:32 com_github_MitjaNemec_Archive3DModels.archive_3d_models 47:Getting 3D models for footprint of: U4
10-09 08:38:32 com_github_MitjaNemec_Archive3DModels.archive_3d_models 59:Trying to copy: ${KICAD6_3DMODEL_DIR}/Package_TO_SOT_SMD.3dshapes/SOT-223.wrl
10-09 08:38:32 com_github_MitjaNemec_Archive3DModels.archive_3d_models 74:Can not find model defined with enviroment variable:
${KICAD6_3DMODEL_DIR}/Package_TO_SOT_SMD.3dshapes/SOT-223.wrl
10-09 08:38:32 com_github_MitjaNemec_Archive3DModels.archive_3d_models 135:Did not copy: ${KICAD6_3DMODEL_DIR}/Package_TO_SOT_SMD.3dshapes/SOT-223.wrl
10-09 08:38:32 com_github_MitjaNemec_Archive3DModels.archive_3d_models 139:Remapping: ${KICAD6_3DMODEL_DIR}/Package_TO_SOT_SMD.3dshapes/SOT-223.wrl
10-09 08:38:32 com_github_MitjaNemec_Archive3DModels.archive_3d_models 47:Getting 3D models for footprint of: C2
10-09 08:38:32 com_github_MitjaNemec_Archive3DModels.archive_3d_models 59:Trying to copy: ${KICAD6_3DMODEL_DIR}/Capacitor_SMD.3dshapes/C_1206_3216Metric.wrl
10-09 08:38:32 com_github_MitjaNemec_Archive3DModels.archive_3d_models 74:Can not find model defined with enviroment variable:
${KICAD6_3DMODEL_DIR}/Capacitor_SMD.3dshapes/C_1206_3216Metric.wrl
10-09 08:38:32 com_github_MitjaNemec_Archive3DModels.archive_3d_models 135:Did not copy: ${KICAD6_3DMODEL_DIR}/Capacitor_SMD.3dshapes/C_1206_3216Metric.wrl
10-09 08:38:32 com_github_MitjaNemec_Archive3DModels.archive_3d_models 139:Remapping: ${KICAD6_3DMODEL_DIR}/Capacitor_SMD.3dshapes/C_1206_3216Metric.wrl
10-09 08:38:32 com_github_MitjaNemec_Archive3DModels.archive_3d_models 47:Getting 3D models for footprint of: C1
10-09 08:38:32 com_github_MitjaNemec_Archive3DModels.archive_3d_models 59:Trying to copy: ${KICAD6_3DMODEL_DIR}/Capacitor_SMD.3dshapes/C_1206_3216Metric.wrl
10-09 08:38:32 com_github_MitjaNemec_Archive3DModels.archive_3d_models 74:Can not find model defined with enviroment variable:
${KICAD6_3DMODEL_DIR}/Capacitor_SMD.3dshapes/C_1206_3216Metric.wrl
10-09 08:38:32 com_github_MitjaNemec_Archive3DModels.archive_3d_models 135:Did not copy: ${KICAD6_3DMODEL_DIR}/Capacitor_SMD.3dshapes/C_1206_3216Metric.wrl
10-09 08:38:32 com_github_MitjaNemec_Archive3DModels.archive_3d_models 139:Remapping: ${KICAD6_3DMODEL_DIR}/Capacitor_SMD.3dshapes/C_1206_3216Metric.wrl
10-09 08:38:32 com_github_MitjaNemec_Archive3DModels.archive_3d_models 47:Getting 3D models for footprint of: U4
10-09 08:38:32 com_github_MitjaNemec_Archive3DModels.archive_3d_models 59:Trying to copy: ${KICAD6_3DMODEL_DIR}/Package_TO_SOT_SMD.3dshapes/SOT-223.wrl
10-09 08:38:32 com_github_MitjaNemec_Archive3DModels.archive_3d_models 74:Can not find model defined with enviroment variable:
${KICAD6_3DMODEL_DIR}/Package_TO_SOT_SMD.3dshapes/SOT-223.wrl
10-09 08:38:32 com_github_MitjaNemec_Archive3DModels.archive_3d_models 135:Did not copy: ${KICAD6_3DMODEL_DIR}/Package_TO_SOT_SMD.3dshapes/SOT-223.wrl
10-09 08:38:32 com_github_MitjaNemec_Archive3DModels.archive_3d_models 139:Remapping: ${KICAD6_3DMODEL_DIR}/Package_TO_SOT_SMD.3dshapes/SOT-223.wrl
10-09 08:38:32 com_github_MitjaNemec_Archive3DModels.archive_3d_models 47:Getting 3D models for footprint of: C2
10-09 08:38:32 com_github_MitjaNemec_Archive3DModels.archive_3d_models 59:Trying to copy: ${KICAD6_3DMODEL_DIR}/Capacitor_SMD.3dshapes/C_1206_3216Metric.wrl
10-09 08:38:32 com_github_MitjaNemec_Archive3DModels.archive_3d_models 74:Can not find model defined with enviroment variable:
${KICAD6_3DMODEL_DIR}/Capacitor_SMD.3dshapes/C_1206_3216Metric.wrl
10-09 08:38:32 com_github_MitjaNemec_Archive3DModels.archive_3d_models 135:Did not copy: ${KICAD6_3DMODEL_DIR}/Capacitor_SMD.3dshapes/C_1206_3216Metric.wrl
10-09 08:38:32 com_github_MitjaNemec_Archive3DModels.archive_3d_models 139:Remapping: ${KICAD6_3DMODEL_DIR}/Capacitor_SMD.3dshapes/C_1206_3216Metric.wrl
10-09 08:38:32 com_github_MitjaNemec_Archive3DModels.archive_3d_models 153:Did not succeed to copy 3D models!
('TP1', '${KICAD6_3DMODEL_DIR}/Connector_PinHeader_2.54mm.3dshapes/PinHeader_1x01_P2.54mm_Vertical.wrl')
('J7', '${KICAD6_3DMODEL_DIR}/Connector_PinSocket_2.54mm.3dshapes/PinSocket_1x20_P2.54mm_Vertical.wrl')
('C3', '${KICAD6_3DMODEL_DIR}/Capacitor_THT.3dshapes/C_Radial_D5.0mm_H7.0mm_P2.00mm.wrl')
('TP1', '${KICAD6_3DMODEL_DIR}/Connector_PinHeader_2.54mm.3dshapes/PinHeader_1x01_P2.54mm_Vertical.wrl')
('TP2', '${KICAD6_3DMODEL_DIR}/Connector_PinHeader_2.54mm.3dshapes/PinHeader_1x01_P2.54mm_Vertical.wrl')
('J7', '${KICAD6_3DMODEL_DIR}/Connector_PinSocket_2.54mm.3dshapes/PinSocket_1x20_P2.54mm_Vertical.wrl')
('C3', '${KICAD6_3DMODEL_DIR}/Capacitor_THT.3dshapes/C_Radial_D5.0mm_H7.0mm_P2.00mm.wrl')
('TP2', '${KICAD6_3DMODEL_DIR}/Connector_PinHeader_2.54mm.3dshapes/PinHeader_1x01_P2.54mm_Vertical.wrl')
('J9', '${KICAD6_3DMODEL_DIR}/Connector_PinSocket_2.54mm.3dshapes/PinSocket_1x20_P2.54mm_Vertical.wrl')
('J1', '${KICAD6_3DMODEL_DIR}/TerminalBlock.3dshapes/TerminalBlock_bornier-2_P5.08mm.wrl')
('D1', '${KICAD6_3DMODEL_DIR}/Diode_THT.3dshapes/D_DO-35_SOD27_P2.54mm_Vertical_KathodeUp.wrl')
('D1', '${KICAD6_3DMODEL_DIR}/Diode_THT.3dshapes/D_DO-35_SOD27_P2.54mm_Vertical_KathodeUp.wrl')
('J9', '${KICAD6_3DMODEL_DIR}/Connector_PinSocket_2.54mm.3dshapes/PinSocket_1x20_P2.54mm_Vertical.wrl')
('J1', '${KICAD6_3DMODEL_DIR}/TerminalBlock.3dshapes/TerminalBlock_bornier-2_P5.08mm.wrl')
('C1', '${KICAD6_3DMODEL_DIR}/Capacitor_SMD.3dshapes/C_1206_3216Metric.wrl')
('U4', '${KICAD6_3DMODEL_DIR}/Package_TO_SOT_SMD.3dshapes/SOT-223.wrl')
('C2', '${KICAD6_3DMODEL_DIR}/Capacitor_SMD.3dshapes/C_1206_3216Metric.wrl')
('C1', '${KICAD6_3DMODEL_DIR}/Capacitor_SMD.3dshapes/C_1206_3216Metric.wrl')
('U4', '${KICAD6_3DMODEL_DIR}/Package_TO_SOT_SMD.3dshapes/SOT-223.wrl')
('C2', '${KICAD6_3DMODEL_DIR}/Capacitor_SMD.3dshapes/C_1206_3216Metric.wrl')
