04-18 16:25:48 com_github_MitjaNemec_Archive3DModels.action_archive_3d_models 238:Plugin executed on: 'linux'
04-18 16:25:48 com_github_MitjaNemec_Archive3DModels.action_archive_3d_models 239:Plugin executed with python version: '3.12.9 (main, Nov 10 2011, 15:00:00) [GCC 14.2.0]'
04-18 16:25:48 com_github_MitjaNemec_Archive3DModels.action_archive_3d_models 240:KiCad build version: 9.0.0-rc3-dirty
04-18 16:25:48 com_github_MitjaNemec_Archive3DModels.action_archive_3d_models 241:Plugin version: 1.0.15
04-18 16:25:48 com_github_MitjaNemec_Archive3DModels.action_archive_3d_models 246:Screen sizes: [wx.Size(1920, 1080), wx.Size(1920, 1080)]
04-18 16:25:48 com_github_MitjaNemec_Archive3DModels.action_archive_3d_models 253:Dialog size: wx.Size(213, 81)
04-18 16:25:48 com_github_MitjaNemec_Archive3DModels.action_archive_3d_models 255:Char size: 17
04-18 16:25:49 com_github_MitjaNemec_Archive3DModels.archive_3d_models 30:Starting to archive 3D models
04-18 16:25:49 com_github_MitjaNemec_Archive3DModels.archive_3d_models 51:Getting 3D models for footprint of: 2
04-18 16:25:49 com_github_MitjaNemec_Archive3DModels.archive_3d_models 51:Getting 3D models for footprint of: 1
04-18 16:25:49 com_github_MitjaNemec_Archive3DModels.archive_3d_models 51:Getting 3D models for footprint of: Bornera
04-18 16:25:49 com_github_MitjaNemec_Archive3DModels.archive_3d_models 63:Trying to copy: ${KIPRJMOD}/packages3D/bornier_2.stp
04-18 16:25:49 com_github_MitjaNemec_Archive3DModels.archive_3d_models 146:Did not copy: ${KIPRJMOD}/packages3D/bornier_2.stp
04-18 16:25:49 com_github_MitjaNemec_Archive3DModels.archive_3d_models 150:Remapping: ${KIPRJMOD}/packages3D/bornier_2.stp
04-18 16:25:49 com_github_MitjaNemec_Archive3DModels.archive_3d_models 51:Getting 3D models for footprint of: R3
04-18 16:25:49 com_github_MitjaNemec_Archive3DModels.archive_3d_models 63:Trying to copy: ${KIPRJMOD}/packages3D/R_Axial_DIN0207_L6.3mm_D2.5mm_P10.16mm_Horizontal.wrl
04-18 16:25:49 com_github_MitjaNemec_Archive3DModels.archive_3d_models 150:Remapping: ${KIPRJMOD}/packages3D/R_Axial_DIN0207_L6.3mm_D2.5mm_P10.16mm_Horizontal.wrl
04-18 16:25:49 com_github_MitjaNemec_Archive3DModels.archive_3d_models 63:Trying to copy: ${KIPRJMOD}/packages3D/R_Axial_DIN0207_L6.3mm_D2.5mm_P10.16mm_Horizontal.wrl
04-18 16:25:49 com_github_MitjaNemec_Archive3DModels.archive_3d_models 150:Remapping: ${KIPRJMOD}/packages3D/R_Axial_DIN0207_L6.3mm_D2.5mm_P10.16mm_Horizontal.wrl
04-18 16:25:49 com_github_MitjaNemec_Archive3DModels.archive_3d_models 51:Getting 3D models for footprint of: Potenciometro
04-18 16:25:49 com_github_MitjaNemec_Archive3DModels.archive_3d_models 63:Trying to copy: ${KIPRJMOD}/packages3D/POT10K.step
04-18 16:25:49 com_github_MitjaNemec_Archive3DModels.archive_3d_models 150:Remapping: ${KIPRJMOD}/packages3D/POT10K.step
04-18 16:25:49 com_github_MitjaNemec_Archive3DModels.archive_3d_models 63:Trying to copy: ${KIPRJMOD}/packages3D/Potentiometer_Alps_RK097_Single_Horizontal.wrl
04-18 16:25:49 com_github_MitjaNemec_Archive3DModels.archive_3d_models 146:Did not copy: ${KIPRJMOD}/packages3D/Potentiometer_Alps_RK097_Single_Horizontal.wrl
04-18 16:25:49 com_github_MitjaNemec_Archive3DModels.archive_3d_models 150:Remapping: ${KIPRJMOD}/packages3D/Potentiometer_Alps_RK097_Single_Horizontal.wrl
04-18 16:25:49 com_github_MitjaNemec_Archive3DModels.archive_3d_models 51:Getting 3D models for footprint of: LED1
04-18 16:25:49 com_github_MitjaNemec_Archive3DModels.archive_3d_models 63:Trying to copy: ${KIPRJMOD}/packages3D/LED_D5.0mm.step
04-18 16:25:49 com_github_MitjaNemec_Archive3DModels.archive_3d_models 150:Remapping: ${KIPRJMOD}/packages3D/LED_D5.0mm.step
04-18 16:25:49 com_github_MitjaNemec_Archive3DModels.archive_3d_models 63:Trying to copy: ${KIPRJMOD}/packages3D/LED_D5.0mm.wrl
04-18 16:25:49 com_github_MitjaNemec_Archive3DModels.archive_3d_models 150:Remapping: ${KIPRJMOD}/packages3D/LED_D5.0mm.wrl
04-18 16:25:49 com_github_MitjaNemec_Archive3DModels.archive_3d_models 51:Getting 3D models for footprint of: LM555
04-18 16:25:49 com_github_MitjaNemec_Archive3DModels.archive_3d_models 63:Trying to copy: ${KIPRJMOD}/packages3D/DIP-8_W7.62mm.wrl
04-18 16:25:49 com_github_MitjaNemec_Archive3DModels.archive_3d_models 150:Remapping: ${KIPRJMOD}/packages3D/DIP-8_W7.62mm.wrl
04-18 16:25:49 com_github_MitjaNemec_Archive3DModels.archive_3d_models 51:Getting 3D models for footprint of: R1
04-18 16:25:49 com_github_MitjaNemec_Archive3DModels.archive_3d_models 63:Trying to copy: ${KIPRJMOD}/packages3D/R_Axial_DIN0207_L6.3mm_D2.5mm_P10.16mm_Horizontal.wrl
04-18 16:25:49 com_github_MitjaNemec_Archive3DModels.archive_3d_models 150:Remapping: ${KIPRJMOD}/packages3D/R_Axial_DIN0207_L6.3mm_D2.5mm_P10.16mm_Horizontal.wrl
04-18 16:25:49 com_github_MitjaNemec_Archive3DModels.archive_3d_models 51:Getting 3D models for footprint of: C1
04-18 16:25:49 com_github_MitjaNemec_Archive3DModels.archive_3d_models 63:Trying to copy: ${KIPRJMOD}/packages3D/C104_Disc_D5mm_P3mm.STEP
04-18 16:25:49 com_github_MitjaNemec_Archive3DModels.archive_3d_models 146:Did not copy: ${KIPRJMOD}/packages3D/C104_Disc_D5mm_P3mm.STEP
04-18 16:25:49 com_github_MitjaNemec_Archive3DModels.archive_3d_models 150:Remapping: ${KIPRJMOD}/packages3D/C104_Disc_D5mm_P3mm.STEP
04-18 16:25:49 com_github_MitjaNemec_Archive3DModels.archive_3d_models 63:Trying to copy: ${KIPRJMOD}/packages3D/C_Disc_D6.0mm_W2.5mm_P5.00mm.wrl
04-18 16:25:49 com_github_MitjaNemec_Archive3DModels.archive_3d_models 150:Remapping: ${KIPRJMOD}/packages3D/C_Disc_D6.0mm_W2.5mm_P5.00mm.wrl
04-18 16:25:49 com_github_MitjaNemec_Archive3DModels.archive_3d_models 51:Getting 3D models for footprint of: LED2
04-18 16:25:49 com_github_MitjaNemec_Archive3DModels.archive_3d_models 63:Trying to copy: ${KIPRJMOD}/packages3D/LED_D5.0mm.step
04-18 16:25:49 com_github_MitjaNemec_Archive3DModels.archive_3d_models 150:Remapping: ${KIPRJMOD}/packages3D/LED_D5.0mm.step
04-18 16:25:49 com_github_MitjaNemec_Archive3DModels.archive_3d_models 63:Trying to copy: ${KIPRJMOD}/packages3D/LED_D5.0mm.wrl
04-18 16:25:49 com_github_MitjaNemec_Archive3DModels.archive_3d_models 150:Remapping: ${KIPRJMOD}/packages3D/LED_D5.0mm.wrl
04-18 16:25:49 com_github_MitjaNemec_Archive3DModels.archive_3d_models 51:Getting 3D models for footprint of: C2
04-18 16:25:49 com_github_MitjaNemec_Archive3DModels.archive_3d_models 63:Trying to copy: ${KIPRJMOD}/packages3D/UCY2V101MHD3.STEP
04-18 16:25:49 com_github_MitjaNemec_Archive3DModels.archive_3d_models 146:Did not copy: ${KIPRJMOD}/packages3D/UCY2V101MHD3.STEP
04-18 16:25:49 com_github_MitjaNemec_Archive3DModels.archive_3d_models 150:Remapping: ${KIPRJMOD}/packages3D/UCY2V101MHD3.STEP
04-18 16:25:49 com_github_MitjaNemec_Archive3DModels.archive_3d_models 63:Trying to copy: ${KIPRJMOD}/packages3D/CP_Radial_D6.3mm_P2.50mm.wrl
04-18 16:25:49 com_github_MitjaNemec_Archive3DModels.archive_3d_models 150:Remapping: ${KIPRJMOD}/packages3D/CP_Radial_D6.3mm_P2.50mm.wrl
04-18 16:25:49 com_github_MitjaNemec_Archive3DModels.archive_3d_models 51:Getting 3D models for footprint of: R2
04-18 16:25:49 com_github_MitjaNemec_Archive3DModels.archive_3d_models 63:Trying to copy: ${KIPRJMOD}/packages3D/R_Axial_DIN0207_L6.3mm_D2.5mm_P10.16mm_Horizontal.wrl
04-18 16:25:49 com_github_MitjaNemec_Archive3DModels.archive_3d_models 150:Remapping: ${KIPRJMOD}/packages3D/R_Axial_DIN0207_L6.3mm_D2.5mm_P10.16mm_Horizontal.wrl
04-18 16:25:49 com_github_MitjaNemec_Archive3DModels.archive_3d_models 63:Trying to copy: ${KIPRJMOD}/packages3D/R_Axial_DIN0207_L6.3mm_D2.5mm_P10.16mm_Horizontal.wrl
04-18 16:25:49 com_github_MitjaNemec_Archive3DModels.archive_3d_models 150:Remapping: ${KIPRJMOD}/packages3D/R_Axial_DIN0207_L6.3mm_D2.5mm_P10.16mm_Horizontal.wrl
04-18 16:25:49 com_github_MitjaNemec_Archive3DModels.archive_3d_models 164:Did not succeed to copy 3D models!
('Bornera', '${KIPRJMOD}/packages3D/bornier_2.stp')
('Potenciometro', '${KIPRJMOD}/packages3D/Potentiometer_Alps_RK097_Single_Horizontal.wrl')
('C1', '${KIPRJMOD}/packages3D/C104_Disc_D5mm_P3mm.STEP')
('C2', '${KIPRJMOD}/packages3D/UCY2V101MHD3.STEP')
